{"C:\\GoIT\\MCS_3_Node.js\\lesson-10\\test-function-example\\functions\\calcWeightIndex.js": {"path":"C:\\GoIT\\MCS_3_Node.js\\lesson-10\\test-function-example\\functions\\calcWeightIndex.js","statementMap":{"0":{"start":{"line":1,"column":24},"end":{"line":19,"column":1}},"1":{"start":{"line":2,"column":4},"end":{"line":4,"column":5}},"2":{"start":{"line":3,"column":8},"end":{"line":3,"column":54}},"3":{"start":{"line":6,"column":4},"end":{"line":8,"column":5}},"4":{"start":{"line":7,"column":8},"end":{"line":7,"column":60}},"5":{"start":{"line":10,"column":4},"end":{"line":12,"column":5}},"6":{"start":{"line":11,"column":8},"end":{"line":11,"column":69}},"7":{"start":{"line":14,"column":4},"end":{"line":16,"column":5}},"8":{"start":{"line":15,"column":8},"end":{"line":15,"column":77}},"9":{"start":{"line":18,"column":4},"end":{"line":18,"column":54}}},"fnMap":{"0":{"name":"(anonymous_0)","decl":{"start":{"line":1,"column":24},"end":{"line":1,"column":25}},"loc":{"start":{"line":1,"column":43},"end":{"line":19,"column":1}},"line":1}},"branchMap":{"0":{"loc":{"start":{"line":2,"column":4},"end":{"line":4,"column":5}},"type":"if","locations":[{"start":{"line":2,"column":4},"end":{"line":4,"column":5}},{"start":{},"end":{}}],"line":2},"1":{"loc":{"start":{"line":2,"column":7},"end":{"line":2,"column":51}},"type":"binary-expr","locations":[{"start":{"line":2,"column":7},"end":{"line":2,"column":27}},{"start":{"line":2,"column":31},"end":{"line":2,"column":51}}],"line":2},"2":{"loc":{"start":{"line":6,"column":4},"end":{"line":8,"column":5}},"type":"if","locations":[{"start":{"line":6,"column":4},"end":{"line":8,"column":5}},{"start":{},"end":{}}],"line":6},"3":{"loc":{"start":{"line":6,"column":7},"end":{"line":6,"column":63}},"type":"binary-expr","locations":[{"start":{"line":6,"column":7},"end":{"line":6,"column":33}},{"start":{"line":6,"column":37},"end":{"line":6,"column":63}}],"line":6},"4":{"loc":{"start":{"line":10,"column":4},"end":{"line":12,"column":5}},"type":"if","locations":[{"start":{"line":10,"column":4},"end":{"line":12,"column":5}},{"start":{},"end":{}}],"line":10},"5":{"loc":{"start":{"line":10,"column":7},"end":{"line":10,"column":33}},"type":"binary-expr","locations":[{"start":{"line":10,"column":7},"end":{"line":10,"column":18}},{"start":{"line":10,"column":22},"end":{"line":10,"column":33}}],"line":10},"6":{"loc":{"start":{"line":14,"column":4},"end":{"line":16,"column":5}},"type":"if","locations":[{"start":{"line":14,"column":4},"end":{"line":16,"column":5}},{"start":{},"end":{}}],"line":14}},"s":{"0":1,"1":7,"2":2,"3":5,"4":2,"5":3,"6":1,"7":2,"8":1,"9":1},"f":{"0":7},"b":{"0":[2,5],"1":[7,6],"2":[2,3],"3":[5,4],"4":[1,2],"5":[3,2],"6":[1,1]},"_coverageSchema":"1a1c01bbd47fc00a2c39e90264f33305004495a9","hash":"0ae2c33c2a21b89bbb7592f94d8ee77fb6124c3f"}
}
